2021/03/27 19:59:52 server.go:3139: http: panic serving [::1]:56216: invalid character 'm' in literal null (expecting 'l')
goroutine 19 [running]:
net/http.(*conn).serve.func1(0xc0000cadc0)
	/usr/local/Cellar/go/1.16.2/libexec/src/net/http/server.go:1824 +0x153
panic(0x134e620, 0xc00000e030)
	/usr/local/Cellar/go/1.16.2/libexec/src/runtime/panic.go:971 +0x499
gomix/pkg/change.Index(0x141c850, 0xc000202000, 0xc0001a8000)
	/Users/keigo/Desktop/gomix/pkg/change/change.go:35 +0x230
net/http.HandlerFunc.ServeHTTP(0x13c5bd8, 0x141c850, 0xc000202000, 0xc0001a8000)
	/usr/local/Cellar/go/1.16.2/libexec/src/net/http/server.go:2069 +0x44
net/http.(*ServeMux).ServeHTTP(0x15f4d20, 0x141c850, 0xc000202000, 0xc0001a8000)
	/usr/local/Cellar/go/1.16.2/libexec/src/net/http/server.go:2448 +0x1ad
net/http.serverHandler.ServeHTTP(0xc000116000, 0x141c850, 0xc000202000, 0xc0001a8000)
	/usr/local/Cellar/go/1.16.2/libexec/src/net/http/server.go:2887 +0xa3
net/http.(*conn).serve(0xc0000cadc0, 0x141cf00, 0xc0000d62c0)
	/usr/local/Cellar/go/1.16.2/libexec/src/net/http/server.go:1952 +0x8cd
created by net/http.(*Server).Serve
	/usr/local/Cellar/go/1.16.2/libexec/src/net/http/server.go:3013 +0x39b
2021/03/27 19:59:52 server.go:3139: http: panic serving [::1]:56218: invalid character 'm' in literal null (expecting 'l')
goroutine 26 [running]:
net/http.(*conn).serve.func1(0xc0000cae60)
	/usr/local/Cellar/go/1.16.2/libexec/src/net/http/server.go:1824 +0x153
panic(0x134e620, 0xc0000aa1f8)
	/usr/local/Cellar/go/1.16.2/libexec/src/runtime/panic.go:971 +0x499
gomix/pkg/change.Index(0x141c850, 0xc0001162a0, 0xc0000d0300)
	/Users/keigo/Desktop/gomix/pkg/change/change.go:35 +0x230
net/http.HandlerFunc.ServeHTTP(0x13c5bd8, 0x141c850, 0xc0001162a0, 0xc0000d0300)
	/usr/local/Cellar/go/1.16.2/libexec/src/net/http/server.go:2069 +0x44
net/http.(*ServeMux).ServeHTTP(0x15f4d20, 0x141c850, 0xc0001162a0, 0xc0000d0300)
	/usr/local/Cellar/go/1.16.2/libexec/src/net/http/server.go:2448 +0x1ad
net/http.serverHandler.ServeHTTP(0xc000116000, 0x141c850, 0xc0001162a0, 0xc0000d0300)
	/usr/local/Cellar/go/1.16.2/libexec/src/net/http/server.go:2887 +0xa3
net/http.(*conn).serve(0xc0000cae60, 0x141cf00, 0xc0000d6800)
	/usr/local/Cellar/go/1.16.2/libexec/src/net/http/server.go:1952 +0x8cd
created by net/http.(*Server).Serve
	/usr/local/Cellar/go/1.16.2/libexec/src/net/http/server.go:3013 +0x39b
2021/03/27 20:33:22 doc.go:22: template: index.html:8:5: executing "index.html" at <.Result>: can't evaluate field Result in type *errors.errorString
2021/03/27 20:34:17 doc.go:21: template: index.html:8:5: executing "index.html" at <.Result>: can't evaluate field Result in type *errors.errorString
2021/03/27 20:36:19 doc.go:21: template: index.html:8:5: executing "index.html" at <.Result>: can't evaluate field Result in type string
2021/03/27 20:48:08 doc.go:21: template: index.html:8:5: executing "index.html" at <.Result>: can't evaluate field Result in type *change.Err
2021/03/27 20:52:21 doc.go:21: template: index.html:8:5: executing "index.html" at <.Result>: can't evaluate field Result in type *change.Num
2021/03/27 20:53:23 doc.go:21: template: index.html:8:5: executing "index.html" at <.Result>: can't evaluate field Result in type change.Num
2021/03/27 20:54:54 doc.go:21: template: index.html:8:5: executing "index.html" at <.Result>: can't evaluate field Result in type change.Num
